2025-12-12 22:38:42,890 - studysync - ERROR - Error collecting metrics: name 'log_debug' is not defined
2025-12-12 22:39:12,910 - studysync - ERROR - Error collecting metrics: name 'log_debug' is not defined
2025-12-12 22:39:42,891 - studysync - ERROR - Error collecting metrics: name 'log_debug' is not defined
2025-12-12 22:39:42,922 - studysync - ERROR - Error collecting metrics: name 'log_debug' is not defined
2025-12-12 22:40:12,937 - studysync - ERROR - Error collecting metrics: name 'log_debug' is not defined
2025-12-12 22:40:42,903 - studysync - ERROR - Error collecting metrics: name 'log_debug' is not defined
2025-12-12 22:40:42,949 - studysync - ERROR - Error collecting metrics: name 'log_debug' is not defined
2025-12-12 22:41:12,960 - studysync - ERROR - Error collecting metrics: name 'log_debug' is not defined
2025-12-12 22:41:42,909 - studysync - ERROR - Error collecting metrics: name 'log_debug' is not defined
2025-12-12 22:41:42,971 - studysync - ERROR - Error collecting metrics: name 'log_debug' is not defined
2025-12-12 22:42:12,983 - studysync - ERROR - Error collecting metrics: name 'log_debug' is not defined
2025-12-12 22:42:42,923 - studysync - ERROR - Error collecting metrics: name 'log_debug' is not defined
2025-12-12 22:42:43,001 - studysync - ERROR - Error collecting metrics: name 'log_debug' is not defined
2025-12-12 22:43:13,013 - studysync - ERROR - Error collecting metrics: name 'log_debug' is not defined
2025-12-12 22:43:42,927 - studysync - ERROR - Error collecting metrics: name 'log_debug' is not defined
2025-12-12 22:43:43,020 - studysync - ERROR - Error collecting metrics: name 'log_debug' is not defined
2025-12-12 22:44:13,034 - studysync - ERROR - Error collecting metrics: name 'log_debug' is not defined
2025-12-12 22:44:42,938 - studysync - ERROR - Error collecting metrics: name 'log_debug' is not defined
2025-12-12 22:44:43,046 - studysync - ERROR - Error collecting metrics: name 'log_debug' is not defined
2025-12-12 22:45:13,064 - studysync - ERROR - Error collecting metrics: name 'log_debug' is not defined
2025-12-12 22:45:42,942 - studysync - ERROR - Error collecting metrics: name 'log_debug' is not defined
2025-12-12 22:45:43,079 - studysync - ERROR - Error collecting metrics: name 'log_debug' is not defined
2025-12-12 22:46:13,083 - studysync - ERROR - Error collecting metrics: name 'log_debug' is not defined
2025-12-12 22:46:42,946 - studysync - ERROR - Error collecting metrics: name 'log_debug' is not defined
2025-12-12 22:46:43,100 - studysync - ERROR - Error collecting metrics: name 'log_debug' is not defined
2025-12-12 22:47:13,116 - studysync - ERROR - Error collecting metrics: name 'log_debug' is not defined
2025-12-12 22:47:42,948 - studysync - ERROR - Error collecting metrics: name 'log_debug' is not defined
2025-12-12 22:47:43,120 - studysync - ERROR - Error collecting metrics: name 'log_debug' is not defined
2025-12-12 22:48:13,134 - studysync - ERROR - Error collecting metrics: name 'log_debug' is not defined
2025-12-12 22:48:42,954 - studysync - ERROR - Error collecting metrics: name 'log_debug' is not defined
2025-12-12 22:48:43,140 - studysync - ERROR - Error collecting metrics: name 'log_debug' is not defined
2025-12-12 22:49:13,151 - studysync - ERROR - Error collecting metrics: name 'log_debug' is not defined
2025-12-12 22:49:42,959 - studysync - ERROR - Error collecting metrics: name 'log_debug' is not defined
2025-12-12 22:49:43,161 - studysync - ERROR - Error collecting metrics: name 'log_debug' is not defined
2025-12-12 22:50:13,165 - studysync - ERROR - Error collecting metrics: name 'log_debug' is not defined
2025-12-12 22:50:42,969 - studysync - ERROR - Error collecting metrics: name 'log_debug' is not defined
2025-12-12 22:50:43,169 - studysync - ERROR - Error collecting metrics: name 'log_debug' is not defined
2025-12-12 22:51:13,190 - studysync - ERROR - Error collecting metrics: name 'log_debug' is not defined
2025-12-12 22:51:42,984 - studysync - ERROR - Error collecting metrics: name 'log_debug' is not defined
2025-12-12 22:51:43,201 - studysync - ERROR - Error collecting metrics: name 'log_debug' is not defined
2025-12-12 22:52:13,208 - studysync - ERROR - Error collecting metrics: name 'log_debug' is not defined
2025-12-12 22:52:42,993 - studysync - ERROR - Error collecting metrics: name 'log_debug' is not defined
2025-12-12 22:52:43,225 - studysync - ERROR - Error collecting metrics: name 'log_debug' is not defined
2025-12-12 22:53:13,306 - studysync - ERROR - Error collecting metrics: name 'log_debug' is not defined
2025-12-12 22:53:43,006 - studysync - ERROR - Error collecting metrics: name 'log_debug' is not defined
2025-12-12 22:53:43,316 - studysync - ERROR - Error collecting metrics: name 'log_debug' is not defined
2025-12-12 22:54:13,329 - studysync - ERROR - Error collecting metrics: name 'log_debug' is not defined
2025-12-12 22:54:43,021 - studysync - ERROR - Error collecting metrics: name 'log_debug' is not defined
2025-12-12 22:54:43,342 - studysync - ERROR - Error collecting metrics: name 'log_debug' is not defined
2025-12-12 22:55:13,351 - studysync - ERROR - Error collecting metrics: name 'log_debug' is not defined
2025-12-12 22:55:43,038 - studysync - ERROR - Error collecting metrics: name 'log_debug' is not defined
2025-12-12 22:55:43,363 - studysync - ERROR - Error collecting metrics: name 'log_debug' is not defined
2025-12-12 22:56:13,366 - studysync - ERROR - Error collecting metrics: name 'log_debug' is not defined
2025-12-12 22:56:43,046 - studysync - ERROR - Error collecting metrics: name 'log_debug' is not defined
2025-12-12 22:56:43,370 - studysync - ERROR - Error collecting metrics: name 'log_debug' is not defined
2025-12-12 22:57:13,381 - studysync - ERROR - Error collecting metrics: name 'log_debug' is not defined
2025-12-12 22:57:43,050 - studysync - ERROR - Error collecting metrics: name 'log_debug' is not defined
2025-12-12 22:57:43,391 - studysync - ERROR - Error collecting metrics: name 'log_debug' is not defined
2025-12-12 22:58:13,407 - studysync - ERROR - Error collecting metrics: name 'log_debug' is not defined
2025-12-12 22:58:43,060 - studysync - ERROR - Error collecting metrics: name 'log_debug' is not defined
2025-12-12 22:58:43,414 - studysync - ERROR - Error collecting metrics: name 'log_debug' is not defined
2025-12-12 22:59:13,421 - studysync - ERROR - Error collecting metrics: name 'log_debug' is not defined
2025-12-12 22:59:43,072 - studysync - ERROR - Error collecting metrics: name 'log_debug' is not defined
2025-12-12 22:59:43,429 - studysync - ERROR - Error collecting metrics: name 'log_debug' is not defined
2025-12-12 23:00:13,448 - studysync - ERROR - Error collecting metrics: name 'log_debug' is not defined
2025-12-12 23:00:43,081 - studysync - ERROR - Error collecting metrics: name 'log_debug' is not defined
2025-12-12 23:00:43,462 - studysync - ERROR - Error collecting metrics: name 'log_debug' is not defined
2025-12-12 23:01:13,475 - studysync - ERROR - Error collecting metrics: name 'log_debug' is not defined
2025-12-12 23:01:43,090 - studysync - ERROR - Error collecting metrics: name 'log_debug' is not defined
2025-12-12 23:01:43,477 - studysync - ERROR - Error collecting metrics: name 'log_debug' is not defined
2025-12-12 23:02:13,486 - studysync - ERROR - Error collecting metrics: name 'log_debug' is not defined
2025-12-12 23:02:43,113 - studysync - ERROR - Error collecting metrics: name 'log_debug' is not defined
2025-12-12 23:02:43,495 - studysync - ERROR - Error collecting metrics: name 'log_debug' is not defined
2025-12-12 23:03:13,513 - studysync - ERROR - Error collecting metrics: name 'log_debug' is not defined
2025-12-12 23:03:43,123 - studysync - ERROR - Error collecting metrics: name 'log_debug' is not defined
2025-12-12 23:03:43,518 - studysync - ERROR - Error collecting metrics: name 'log_debug' is not defined
2025-12-12 23:04:13,528 - studysync - ERROR - Error collecting metrics: name 'log_debug' is not defined
2025-12-12 23:04:43,140 - studysync - ERROR - Error collecting metrics: name 'log_debug' is not defined
2025-12-12 23:04:43,535 - studysync - ERROR - Error collecting metrics: name 'log_debug' is not defined
2025-12-12 23:05:34,807 - studysync - ERROR - HTTP 500: POST /api/streak/update/888db9f5-684a-4271-9c21-51d7e8d99b3a
2025-12-12 23:10:59,421 - studysync - ERROR - HTTP 500: POST /api/streak/update/888db9f5-684a-4271-9c21-51d7e8d99b3a
2025-12-12 23:16:27,948 - studysync - ERROR - HTTP 500: POST /api/streak/update/888db9f5-684a-4271-9c21-51d7e8d99b3a
2025-12-12 23:16:29,260 - studysync - ERROR - HTTP 500: POST /api/streak/update/888db9f5-684a-4271-9c21-51d7e8d99b3a
2025-12-12 23:16:31,529 - studysync - ERROR - HTTP 500: POST /api/streak/update/888db9f5-684a-4271-9c21-51d7e8d99b3a
2025-12-12 23:16:55,577 - studysync - ERROR - HTTP 500: POST /api/streak/update/888db9f5-684a-4271-9c21-51d7e8d99b3a
2025-12-12 23:16:57,207 - studysync - ERROR - HTTP 500: POST /api/streak/update/888db9f5-684a-4271-9c21-51d7e8d99b3a
2025-12-12 23:16:59,473 - studysync - ERROR - HTTP 500: POST /api/streak/update/888db9f5-684a-4271-9c21-51d7e8d99b3a
2025-12-12 23:17:25,938 - studysync - ERROR - HTTP 500: POST /api/streak/update/888db9f5-684a-4271-9c21-51d7e8d99b3a
2025-12-12 23:17:27,193 - studysync - ERROR - HTTP 500: POST /api/streak/update/888db9f5-684a-4271-9c21-51d7e8d99b3a
2025-12-12 23:17:29,459 - studysync - ERROR - HTTP 500: POST /api/streak/update/888db9f5-684a-4271-9c21-51d7e8d99b3a
2025-12-12 23:17:55,567 - studysync - ERROR - HTTP 500: POST /api/streak/update/888db9f5-684a-4271-9c21-51d7e8d99b3a
2025-12-12 23:17:57,146 - studysync - ERROR - HTTP 500: POST /api/streak/update/888db9f5-684a-4271-9c21-51d7e8d99b3a
2025-12-12 23:17:59,432 - studysync - ERROR - HTTP 500: POST /api/streak/update/888db9f5-684a-4271-9c21-51d7e8d99b3a
2025-12-12 23:18:25,883 - studysync - ERROR - HTTP 500: POST /api/streak/update/888db9f5-684a-4271-9c21-51d7e8d99b3a
2025-12-12 23:18:27,438 - studysync - ERROR - HTTP 500: POST /api/streak/update/888db9f5-684a-4271-9c21-51d7e8d99b3a
2025-12-12 23:18:29,698 - studysync - ERROR - HTTP 500: POST /api/streak/update/888db9f5-684a-4271-9c21-51d7e8d99b3a
2025-12-12 23:18:56,511 - studysync - ERROR - HTTP 500: POST /api/streak/update/888db9f5-684a-4271-9c21-51d7e8d99b3a
2025-12-12 23:18:57,830 - studysync - ERROR - HTTP 500: POST /api/streak/update/888db9f5-684a-4271-9c21-51d7e8d99b3a
2025-12-12 23:19:00,184 - studysync - ERROR - HTTP 500: POST /api/streak/update/888db9f5-684a-4271-9c21-51d7e8d99b3a
2025-12-12 23:19:25,801 - studysync - ERROR - HTTP 500: POST /api/streak/update/888db9f5-684a-4271-9c21-51d7e8d99b3a
2025-12-12 23:19:27,065 - studysync - ERROR - HTTP 500: POST /api/streak/update/888db9f5-684a-4271-9c21-51d7e8d99b3a
2025-12-12 23:19:29,296 - studysync - ERROR - HTTP 500: POST /api/streak/update/888db9f5-684a-4271-9c21-51d7e8d99b3a
2025-12-12 23:19:55,554 - studysync - ERROR - HTTP 500: POST /api/streak/update/888db9f5-684a-4271-9c21-51d7e8d99b3a
2025-12-12 23:19:57,151 - studysync - ERROR - HTTP 500: POST /api/streak/update/888db9f5-684a-4271-9c21-51d7e8d99b3a
2025-12-12 23:19:59,420 - studysync - ERROR - HTTP 500: POST /api/streak/update/888db9f5-684a-4271-9c21-51d7e8d99b3a
2025-12-12 23:20:26,214 - studysync - ERROR - HTTP 500: POST /api/streak/update/888db9f5-684a-4271-9c21-51d7e8d99b3a
2025-12-12 23:20:27,484 - studysync - ERROR - HTTP 500: POST /api/streak/update/888db9f5-684a-4271-9c21-51d7e8d99b3a
2025-12-12 23:20:29,775 - studysync - ERROR - HTTP 500: POST /api/streak/update/888db9f5-684a-4271-9c21-51d7e8d99b3a
2025-12-12 23:20:55,959 - studysync - ERROR - HTTP 500: POST /api/streak/update/888db9f5-684a-4271-9c21-51d7e8d99b3a
2025-12-12 23:20:57,872 - studysync - ERROR - HTTP 500: POST /api/streak/update/888db9f5-684a-4271-9c21-51d7e8d99b3a
2025-12-12 23:21:00,122 - studysync - ERROR - HTTP 500: POST /api/streak/update/888db9f5-684a-4271-9c21-51d7e8d99b3a
2025-12-12 23:21:25,606 - studysync - ERROR - HTTP 500: POST /api/streak/update/888db9f5-684a-4271-9c21-51d7e8d99b3a
2025-12-12 23:21:27,280 - studysync - ERROR - HTTP 500: POST /api/streak/update/888db9f5-684a-4271-9c21-51d7e8d99b3a
2025-12-12 23:21:29,622 - studysync - ERROR - HTTP 500: POST /api/streak/update/888db9f5-684a-4271-9c21-51d7e8d99b3a
2025-12-12 23:21:55,941 - studysync - ERROR - HTTP 500: POST /api/streak/update/888db9f5-684a-4271-9c21-51d7e8d99b3a
2025-12-12 23:21:57,234 - studysync - ERROR - HTTP 500: POST /api/streak/update/888db9f5-684a-4271-9c21-51d7e8d99b3a
2025-12-12 23:21:59,610 - studysync - ERROR - HTTP 500: POST /api/streak/update/888db9f5-684a-4271-9c21-51d7e8d99b3a
2025-12-12 23:22:26,064 - studysync - ERROR - HTTP 500: POST /api/streak/update/888db9f5-684a-4271-9c21-51d7e8d99b3a
2025-12-12 23:22:27,626 - studysync - ERROR - HTTP 500: POST /api/streak/update/888db9f5-684a-4271-9c21-51d7e8d99b3a
2025-12-12 23:22:29,901 - studysync - ERROR - HTTP 500: POST /api/streak/update/888db9f5-684a-4271-9c21-51d7e8d99b3a
2025-12-12 23:22:55,644 - studysync - ERROR - HTTP 500: POST /api/streak/update/888db9f5-684a-4271-9c21-51d7e8d99b3a
2025-12-12 23:22:57,141 - studysync - ERROR - HTTP 500: POST /api/streak/update/888db9f5-684a-4271-9c21-51d7e8d99b3a
2025-12-12 23:22:59,396 - studysync - ERROR - HTTP 500: POST /api/streak/update/888db9f5-684a-4271-9c21-51d7e8d99b3a
2025-12-12 23:23:25,815 - studysync - ERROR - HTTP 500: POST /api/streak/update/888db9f5-684a-4271-9c21-51d7e8d99b3a
2025-12-12 23:23:27,421 - studysync - ERROR - HTTP 500: POST /api/streak/update/888db9f5-684a-4271-9c21-51d7e8d99b3a
2025-12-12 23:23:29,690 - studysync - ERROR - HTTP 500: POST /api/streak/update/888db9f5-684a-4271-9c21-51d7e8d99b3a
2025-12-12 23:23:57,572 - studysync - ERROR - HTTP 500: POST /api/streak/update/888db9f5-684a-4271-9c21-51d7e8d99b3a
2025-12-12 23:23:58,850 - studysync - ERROR - HTTP 500: POST /api/streak/update/888db9f5-684a-4271-9c21-51d7e8d99b3a
2025-12-12 23:24:01,103 - studysync - ERROR - HTTP 500: POST /api/streak/update/888db9f5-684a-4271-9c21-51d7e8d99b3a
2025-12-12 23:24:30,852 - studysync - ERROR - HTTP 500: POST /api/streak/update/888db9f5-684a-4271-9c21-51d7e8d99b3a
2025-12-12 23:24:32,151 - studysync - ERROR - HTTP 500: POST /api/streak/update/888db9f5-684a-4271-9c21-51d7e8d99b3a
2025-12-12 23:24:34,447 - studysync - ERROR - HTTP 500: POST /api/streak/update/888db9f5-684a-4271-9c21-51d7e8d99b3a
2025-12-12 23:24:55,956 - studysync - ERROR - HTTP 500: POST /api/streak/update/888db9f5-684a-4271-9c21-51d7e8d99b3a
2025-12-12 23:24:57,211 - studysync - ERROR - HTTP 500: POST /api/streak/update/888db9f5-684a-4271-9c21-51d7e8d99b3a
2025-12-12 23:24:59,828 - studysync - ERROR - HTTP 500: POST /api/streak/update/888db9f5-684a-4271-9c21-51d7e8d99b3a
2025-12-12 23:25:25,884 - studysync - ERROR - HTTP 500: POST /api/streak/update/888db9f5-684a-4271-9c21-51d7e8d99b3a
2025-12-12 23:25:27,155 - studysync - ERROR - HTTP 500: POST /api/streak/update/888db9f5-684a-4271-9c21-51d7e8d99b3a
2025-12-12 23:25:29,440 - studysync - ERROR - HTTP 500: POST /api/streak/update/888db9f5-684a-4271-9c21-51d7e8d99b3a
2025-12-12 23:25:55,800 - studysync - ERROR - HTTP 500: POST /api/streak/update/888db9f5-684a-4271-9c21-51d7e8d99b3a
2025-12-12 23:25:57,368 - studysync - ERROR - HTTP 500: POST /api/streak/update/888db9f5-684a-4271-9c21-51d7e8d99b3a
2025-12-12 23:25:59,605 - studysync - ERROR - HTTP 500: POST /api/streak/update/888db9f5-684a-4271-9c21-51d7e8d99b3a
2025-12-12 23:26:26,024 - studysync - ERROR - HTTP 500: POST /api/streak/update/888db9f5-684a-4271-9c21-51d7e8d99b3a
2025-12-12 23:26:27,583 - studysync - ERROR - HTTP 500: POST /api/streak/update/888db9f5-684a-4271-9c21-51d7e8d99b3a
2025-12-12 23:26:29,840 - studysync - ERROR - HTTP 500: POST /api/streak/update/888db9f5-684a-4271-9c21-51d7e8d99b3a
2025-12-12 23:26:55,798 - studysync - ERROR - HTTP 500: POST /api/streak/update/888db9f5-684a-4271-9c21-51d7e8d99b3a
2025-12-12 23:26:57,203 - studysync - ERROR - HTTP 500: POST /api/streak/update/888db9f5-684a-4271-9c21-51d7e8d99b3a
2025-12-12 23:26:59,430 - studysync - ERROR - HTTP 500: POST /api/streak/update/888db9f5-684a-4271-9c21-51d7e8d99b3a
2025-12-12 23:27:26,031 - studysync - ERROR - HTTP 500: POST /api/streak/update/888db9f5-684a-4271-9c21-51d7e8d99b3a
2025-12-12 23:27:27,313 - studysync - ERROR - HTTP 500: POST /api/streak/update/888db9f5-684a-4271-9c21-51d7e8d99b3a
2025-12-12 23:27:29,568 - studysync - ERROR - HTTP 500: POST /api/streak/update/888db9f5-684a-4271-9c21-51d7e8d99b3a
2025-12-12 23:27:56,010 - studysync - ERROR - HTTP 500: POST /api/streak/update/888db9f5-684a-4271-9c21-51d7e8d99b3a
2025-12-12 23:27:57,255 - studysync - ERROR - HTTP 500: POST /api/streak/update/888db9f5-684a-4271-9c21-51d7e8d99b3a
2025-12-12 23:27:59,544 - studysync - ERROR - HTTP 500: POST /api/streak/update/888db9f5-684a-4271-9c21-51d7e8d99b3a
2025-12-12 23:28:26,961 - studysync - ERROR - HTTP 500: POST /api/streak/update/888db9f5-684a-4271-9c21-51d7e8d99b3a
2025-12-12 23:28:28,205 - studysync - ERROR - HTTP 500: POST /api/streak/update/888db9f5-684a-4271-9c21-51d7e8d99b3a
2025-12-12 23:28:30,452 - studysync - ERROR - HTTP 500: POST /api/streak/update/888db9f5-684a-4271-9c21-51d7e8d99b3a
2025-12-12 23:28:55,701 - studysync - ERROR - HTTP 500: POST /api/streak/update/888db9f5-684a-4271-9c21-51d7e8d99b3a
2025-12-12 23:28:57,183 - studysync - ERROR - HTTP 500: POST /api/streak/update/888db9f5-684a-4271-9c21-51d7e8d99b3a
2025-12-12 23:28:59,433 - studysync - ERROR - HTTP 500: POST /api/streak/update/888db9f5-684a-4271-9c21-51d7e8d99b3a
2025-12-12 23:29:25,912 - studysync - ERROR - HTTP 500: POST /api/streak/update/888db9f5-684a-4271-9c21-51d7e8d99b3a
2025-12-12 23:29:27,163 - studysync - ERROR - HTTP 500: POST /api/streak/update/888db9f5-684a-4271-9c21-51d7e8d99b3a
2025-12-12 23:29:29,413 - studysync - ERROR - HTTP 500: POST /api/streak/update/888db9f5-684a-4271-9c21-51d7e8d99b3a
2025-12-12 23:29:55,917 - studysync - ERROR - HTTP 500: POST /api/streak/update/888db9f5-684a-4271-9c21-51d7e8d99b3a
2025-12-12 23:29:57,207 - studysync - ERROR - HTTP 500: POST /api/streak/update/888db9f5-684a-4271-9c21-51d7e8d99b3a
2025-12-12 23:29:59,494 - studysync - ERROR - HTTP 500: POST /api/streak/update/888db9f5-684a-4271-9c21-51d7e8d99b3a
2025-12-12 23:30:26,314 - studysync - ERROR - HTTP 500: POST /api/streak/update/888db9f5-684a-4271-9c21-51d7e8d99b3a
2025-12-12 23:30:27,620 - studysync - ERROR - HTTP 500: POST /api/streak/update/888db9f5-684a-4271-9c21-51d7e8d99b3a
2025-12-12 23:30:29,889 - studysync - ERROR - HTTP 500: POST /api/streak/update/888db9f5-684a-4271-9c21-51d7e8d99b3a
2025-12-12 23:30:56,186 - studysync - ERROR - HTTP 500: POST /api/streak/update/888db9f5-684a-4271-9c21-51d7e8d99b3a
2025-12-12 23:30:57,435 - studysync - ERROR - HTTP 500: POST /api/streak/update/888db9f5-684a-4271-9c21-51d7e8d99b3a
2025-12-12 23:30:59,696 - studysync - ERROR - HTTP 500: POST /api/streak/update/888db9f5-684a-4271-9c21-51d7e8d99b3a
2025-12-12 23:31:26,050 - studysync - ERROR - HTTP 500: POST /api/streak/update/888db9f5-684a-4271-9c21-51d7e8d99b3a
2025-12-12 23:31:27,322 - studysync - ERROR - HTTP 500: POST /api/streak/update/888db9f5-684a-4271-9c21-51d7e8d99b3a
2025-12-12 23:31:29,595 - studysync - ERROR - HTTP 500: POST /api/streak/update/888db9f5-684a-4271-9c21-51d7e8d99b3a
2025-12-12 23:31:55,967 - studysync - ERROR - HTTP 500: POST /api/streak/update/888db9f5-684a-4271-9c21-51d7e8d99b3a
2025-12-12 23:31:57,311 - studysync - ERROR - HTTP 500: POST /api/streak/update/888db9f5-684a-4271-9c21-51d7e8d99b3a
2025-12-12 23:31:59,612 - studysync - ERROR - HTTP 500: POST /api/streak/update/888db9f5-684a-4271-9c21-51d7e8d99b3a
2025-12-12 23:32:26,941 - studysync - ERROR - HTTP 500: POST /api/streak/update/888db9f5-684a-4271-9c21-51d7e8d99b3a
2025-12-12 23:32:28,198 - studysync - ERROR - HTTP 500: POST /api/streak/update/888db9f5-684a-4271-9c21-51d7e8d99b3a
2025-12-12 23:32:30,486 - studysync - ERROR - HTTP 500: POST /api/streak/update/888db9f5-684a-4271-9c21-51d7e8d99b3a
2025-12-12 23:32:55,983 - studysync - ERROR - HTTP 500: POST /api/streak/update/888db9f5-684a-4271-9c21-51d7e8d99b3a
2025-12-12 23:32:57,218 - studysync - ERROR - HTTP 500: POST /api/streak/update/888db9f5-684a-4271-9c21-51d7e8d99b3a
2025-12-12 23:32:59,553 - studysync - ERROR - HTTP 500: POST /api/streak/update/888db9f5-684a-4271-9c21-51d7e8d99b3a
2025-12-12 23:34:30,649 - studysync - ERROR - HTTP 500: POST /api/streak/update/888db9f5-684a-4271-9c21-51d7e8d99b3a
2025-12-12 23:34:31,954 - studysync - ERROR - HTTP 500: POST /api/streak/update/888db9f5-684a-4271-9c21-51d7e8d99b3a
2025-12-12 23:34:34,242 - studysync - ERROR - HTTP 500: POST /api/streak/update/888db9f5-684a-4271-9c21-51d7e8d99b3a
2025-12-12 23:35:00,353 - studysync - ERROR - HTTP 500: POST /api/streak/update/888db9f5-684a-4271-9c21-51d7e8d99b3a
2025-12-12 23:35:01,684 - studysync - ERROR - HTTP 500: POST /api/streak/update/888db9f5-684a-4271-9c21-51d7e8d99b3a
2025-12-12 23:35:03,985 - studysync - ERROR - HTTP 500: POST /api/streak/update/888db9f5-684a-4271-9c21-51d7e8d99b3a
2025-12-12 23:35:29,987 - studysync - ERROR - HTTP 500: POST /api/streak/update/888db9f5-684a-4271-9c21-51d7e8d99b3a
2025-12-12 23:35:31,616 - studysync - ERROR - HTTP 500: POST /api/streak/update/888db9f5-684a-4271-9c21-51d7e8d99b3a
2025-12-12 23:35:33,864 - studysync - ERROR - HTTP 500: POST /api/streak/update/888db9f5-684a-4271-9c21-51d7e8d99b3a
2025-12-12 23:36:00,498 - studysync - ERROR - HTTP 500: POST /api/streak/update/888db9f5-684a-4271-9c21-51d7e8d99b3a
2025-12-12 23:36:02,784 - studysync - ERROR - HTTP 500: POST /api/streak/update/888db9f5-684a-4271-9c21-51d7e8d99b3a
2025-12-12 23:36:05,143 - studysync - ERROR - HTTP 500: POST /api/streak/update/888db9f5-684a-4271-9c21-51d7e8d99b3a
2025-12-12 23:36:30,550 - studysync - ERROR - HTTP 500: POST /api/streak/update/888db9f5-684a-4271-9c21-51d7e8d99b3a
2025-12-12 23:36:31,806 - studysync - ERROR - HTTP 500: POST /api/streak/update/888db9f5-684a-4271-9c21-51d7e8d99b3a
2025-12-12 23:36:34,074 - studysync - ERROR - HTTP 500: POST /api/streak/update/888db9f5-684a-4271-9c21-51d7e8d99b3a
2025-12-12 23:37:00,540 - studysync - ERROR - HTTP 500: POST /api/streak/update/888db9f5-684a-4271-9c21-51d7e8d99b3a
2025-12-12 23:37:01,783 - studysync - ERROR - HTTP 500: POST /api/streak/update/888db9f5-684a-4271-9c21-51d7e8d99b3a
2025-12-12 23:37:04,037 - studysync - ERROR - HTTP 500: POST /api/streak/update/888db9f5-684a-4271-9c21-51d7e8d99b3a
2025-12-12 23:37:30,320 - studysync - ERROR - HTTP 500: POST /api/streak/update/888db9f5-684a-4271-9c21-51d7e8d99b3a
2025-12-12 23:37:31,566 - studysync - ERROR - HTTP 500: POST /api/streak/update/888db9f5-684a-4271-9c21-51d7e8d99b3a
2025-12-12 23:37:33,900 - studysync - ERROR - HTTP 500: POST /api/streak/update/888db9f5-684a-4271-9c21-51d7e8d99b3a
2025-12-12 23:38:00,681 - studysync - ERROR - HTTP 500: POST /api/streak/update/888db9f5-684a-4271-9c21-51d7e8d99b3a
2025-12-12 23:38:02,040 - studysync - ERROR - HTTP 500: POST /api/streak/update/888db9f5-684a-4271-9c21-51d7e8d99b3a
2025-12-12 23:38:04,415 - studysync - ERROR - HTTP 500: POST /api/streak/update/888db9f5-684a-4271-9c21-51d7e8d99b3a
2025-12-12 23:38:30,287 - studysync - ERROR - HTTP 500: POST /api/streak/update/888db9f5-684a-4271-9c21-51d7e8d99b3a
2025-12-12 23:38:31,611 - studysync - ERROR - HTTP 500: POST /api/streak/update/888db9f5-684a-4271-9c21-51d7e8d99b3a
2025-12-12 23:38:33,874 - studysync - ERROR - HTTP 500: POST /api/streak/update/888db9f5-684a-4271-9c21-51d7e8d99b3a
2025-12-12 23:39:00,305 - studysync - ERROR - HTTP 500: POST /api/streak/update/888db9f5-684a-4271-9c21-51d7e8d99b3a
2025-12-12 23:39:01,540 - studysync - ERROR - HTTP 500: POST /api/streak/update/888db9f5-684a-4271-9c21-51d7e8d99b3a
2025-12-12 23:39:03,796 - studysync - ERROR - HTTP 500: POST /api/streak/update/888db9f5-684a-4271-9c21-51d7e8d99b3a
2025-12-12 23:39:30,240 - studysync - ERROR - HTTP 500: POST /api/streak/update/888db9f5-684a-4271-9c21-51d7e8d99b3a
2025-12-12 23:39:31,551 - studysync - ERROR - HTTP 500: POST /api/streak/update/888db9f5-684a-4271-9c21-51d7e8d99b3a
2025-12-12 23:39:33,833 - studysync - ERROR - HTTP 500: POST /api/streak/update/888db9f5-684a-4271-9c21-51d7e8d99b3a
2025-12-12 23:40:00,351 - studysync - ERROR - HTTP 500: POST /api/streak/update/888db9f5-684a-4271-9c21-51d7e8d99b3a
2025-12-12 23:40:01,866 - studysync - ERROR - HTTP 500: POST /api/streak/update/888db9f5-684a-4271-9c21-51d7e8d99b3a
2025-12-12 23:40:04,083 - studysync - ERROR - HTTP 500: POST /api/streak/update/888db9f5-684a-4271-9c21-51d7e8d99b3a
2025-12-12 23:40:30,007 - studysync - ERROR - HTTP 500: POST /api/streak/update/888db9f5-684a-4271-9c21-51d7e8d99b3a
2025-12-12 23:40:31,574 - studysync - ERROR - HTTP 500: POST /api/streak/update/888db9f5-684a-4271-9c21-51d7e8d99b3a
2025-12-12 23:40:33,843 - studysync - ERROR - HTTP 500: POST /api/streak/update/888db9f5-684a-4271-9c21-51d7e8d99b3a
2025-12-12 23:41:00,329 - studysync - ERROR - HTTP 500: POST /api/streak/update/888db9f5-684a-4271-9c21-51d7e8d99b3a
2025-12-12 23:41:01,587 - studysync - ERROR - HTTP 500: POST /api/streak/update/888db9f5-684a-4271-9c21-51d7e8d99b3a
2025-12-12 23:41:03,872 - studysync - ERROR - HTTP 500: POST /api/streak/update/888db9f5-684a-4271-9c21-51d7e8d99b3a
2025-12-12 23:41:30,272 - studysync - ERROR - HTTP 500: POST /api/streak/update/888db9f5-684a-4271-9c21-51d7e8d99b3a
2025-12-12 23:41:31,546 - studysync - ERROR - HTTP 500: POST /api/streak/update/888db9f5-684a-4271-9c21-51d7e8d99b3a
2025-12-12 23:41:33,836 - studysync - ERROR - HTTP 500: POST /api/streak/update/888db9f5-684a-4271-9c21-51d7e8d99b3a
2025-12-12 23:42:00,949 - studysync - ERROR - HTTP 500: POST /api/streak/update/888db9f5-684a-4271-9c21-51d7e8d99b3a
2025-12-12 23:42:02,281 - studysync - ERROR - HTTP 500: POST /api/streak/update/888db9f5-684a-4271-9c21-51d7e8d99b3a
2025-12-12 23:42:04,629 - studysync - ERROR - HTTP 500: POST /api/streak/update/888db9f5-684a-4271-9c21-51d7e8d99b3a
2025-12-12 23:42:30,287 - studysync - ERROR - HTTP 500: POST /api/streak/update/888db9f5-684a-4271-9c21-51d7e8d99b3a
2025-12-12 23:42:31,543 - studysync - ERROR - HTTP 500: POST /api/streak/update/888db9f5-684a-4271-9c21-51d7e8d99b3a
2025-12-12 23:42:33,816 - studysync - ERROR - HTTP 500: POST /api/streak/update/888db9f5-684a-4271-9c21-51d7e8d99b3a
2025-12-12 23:43:31,420 - studysync - ERROR - HTTP 500: GET /api/xp/stats/888db9f5-684a-4271-9c21-51d7e8d99b3a
2025-12-12 23:43:32,675 - studysync - ERROR - HTTP 500: GET /api/xp/stats/888db9f5-684a-4271-9c21-51d7e8d99b3a
2025-12-12 23:43:34,940 - studysync - ERROR - HTTP 500: GET /api/xp/stats/888db9f5-684a-4271-9c21-51d7e8d99b3a
2025-12-12 23:44:01,479 - studysync - ERROR - HTTP 500: GET /api/xp/stats/888db9f5-684a-4271-9c21-51d7e8d99b3a
2025-12-12 23:44:02,747 - studysync - ERROR - HTTP 500: GET /api/xp/stats/888db9f5-684a-4271-9c21-51d7e8d99b3a
2025-12-12 23:44:05,007 - studysync - ERROR - HTTP 500: GET /api/xp/stats/888db9f5-684a-4271-9c21-51d7e8d99b3a
2025-12-12 23:44:30,584 - studysync - ERROR - HTTP 500: GET /api/xp/stats/888db9f5-684a-4271-9c21-51d7e8d99b3a
2025-12-12 23:44:31,843 - studysync - ERROR - HTTP 500: GET /api/xp/stats/888db9f5-684a-4271-9c21-51d7e8d99b3a
2025-12-12 23:44:34,090 - studysync - ERROR - HTTP 500: GET /api/xp/stats/888db9f5-684a-4271-9c21-51d7e8d99b3a
2025-12-12 23:45:00,558 - studysync - ERROR - HTTP 500: GET /api/xp/stats/888db9f5-684a-4271-9c21-51d7e8d99b3a
2025-12-12 23:45:01,818 - studysync - ERROR - HTTP 500: GET /api/xp/stats/888db9f5-684a-4271-9c21-51d7e8d99b3a
2025-12-12 23:45:04,078 - studysync - ERROR - HTTP 500: GET /api/xp/stats/888db9f5-684a-4271-9c21-51d7e8d99b3a
2025-12-12 23:45:30,575 - studysync - ERROR - HTTP 500: GET /api/xp/stats/888db9f5-684a-4271-9c21-51d7e8d99b3a
2025-12-12 23:45:31,904 - studysync - ERROR - HTTP 500: GET /api/xp/stats/888db9f5-684a-4271-9c21-51d7e8d99b3a
2025-12-12 23:45:34,169 - studysync - ERROR - HTTP 500: GET /api/xp/stats/888db9f5-684a-4271-9c21-51d7e8d99b3a
2025-12-12 23:46:01,564 - studysync - ERROR - HTTP 500: GET /api/xp/stats/888db9f5-684a-4271-9c21-51d7e8d99b3a
2025-12-12 23:46:02,884 - studysync - ERROR - HTTP 500: GET /api/xp/stats/888db9f5-684a-4271-9c21-51d7e8d99b3a
2025-12-12 23:46:05,133 - studysync - ERROR - HTTP 500: GET /api/xp/stats/888db9f5-684a-4271-9c21-51d7e8d99b3a
2025-12-12 23:46:30,629 - studysync - ERROR - HTTP 500: GET /api/xp/stats/888db9f5-684a-4271-9c21-51d7e8d99b3a
2025-12-12 23:46:31,883 - studysync - ERROR - HTTP 500: GET /api/xp/stats/888db9f5-684a-4271-9c21-51d7e8d99b3a
2025-12-12 23:46:34,118 - studysync - ERROR - HTTP 500: GET /api/xp/stats/888db9f5-684a-4271-9c21-51d7e8d99b3a
2025-12-12 23:47:00,126 - studysync - ERROR - HTTP 500: GET /api/xp/stats/888db9f5-684a-4271-9c21-51d7e8d99b3a
2025-12-12 23:47:01,521 - studysync - ERROR - HTTP 500: GET /api/xp/stats/888db9f5-684a-4271-9c21-51d7e8d99b3a
2025-12-12 23:47:03,757 - studysync - ERROR - HTTP 500: GET /api/xp/stats/888db9f5-684a-4271-9c21-51d7e8d99b3a
2025-12-12 23:47:30,614 - studysync - ERROR - HTTP 500: GET /api/xp/stats/888db9f5-684a-4271-9c21-51d7e8d99b3a
2025-12-12 23:47:31,922 - studysync - ERROR - HTTP 500: GET /api/xp/stats/888db9f5-684a-4271-9c21-51d7e8d99b3a
2025-12-12 23:47:34,179 - studysync - ERROR - HTTP 500: GET /api/xp/stats/888db9f5-684a-4271-9c21-51d7e8d99b3a
2025-12-12 23:48:01,585 - studysync - ERROR - HTTP 500: GET /api/xp/stats/888db9f5-684a-4271-9c21-51d7e8d99b3a
2025-12-12 23:48:02,834 - studysync - ERROR - HTTP 500: GET /api/xp/stats/888db9f5-684a-4271-9c21-51d7e8d99b3a
2025-12-12 23:48:05,110 - studysync - ERROR - HTTP 500: GET /api/xp/stats/888db9f5-684a-4271-9c21-51d7e8d99b3a
2025-12-12 23:48:31,462 - studysync - ERROR - HTTP 500: GET /api/xp/stats/888db9f5-684a-4271-9c21-51d7e8d99b3a
2025-12-12 23:48:32,730 - studysync - ERROR - HTTP 500: GET /api/xp/stats/888db9f5-684a-4271-9c21-51d7e8d99b3a
2025-12-12 23:48:34,985 - studysync - ERROR - HTTP 500: GET /api/xp/stats/888db9f5-684a-4271-9c21-51d7e8d99b3a
2025-12-12 23:49:00,228 - studysync - ERROR - HTTP 500: GET /api/xp/stats/888db9f5-684a-4271-9c21-51d7e8d99b3a
2025-12-12 23:49:01,877 - studysync - ERROR - HTTP 500: GET /api/xp/stats/888db9f5-684a-4271-9c21-51d7e8d99b3a
2025-12-12 23:49:04,145 - studysync - ERROR - HTTP 500: GET /api/xp/stats/888db9f5-684a-4271-9c21-51d7e8d99b3a
2025-12-12 23:49:30,073 - studysync - ERROR - HTTP 500: GET /api/xp/stats/888db9f5-684a-4271-9c21-51d7e8d99b3a
2025-12-12 23:49:31,444 - studysync - ERROR - HTTP 500: GET /api/xp/stats/888db9f5-684a-4271-9c21-51d7e8d99b3a
2025-12-12 23:49:33,704 - studysync - ERROR - HTTP 500: GET /api/xp/stats/888db9f5-684a-4271-9c21-51d7e8d99b3a
2025-12-12 23:50:01,536 - studysync - ERROR - HTTP 500: GET /api/xp/stats/888db9f5-684a-4271-9c21-51d7e8d99b3a
2025-12-12 23:50:02,757 - studysync - ERROR - HTTP 500: GET /api/xp/stats/888db9f5-684a-4271-9c21-51d7e8d99b3a
2025-12-12 23:50:05,000 - studysync - ERROR - HTTP 500: GET /api/xp/stats/888db9f5-684a-4271-9c21-51d7e8d99b3a
2025-12-12 23:50:30,078 - studysync - ERROR - HTTP 500: GET /api/xp/stats/888db9f5-684a-4271-9c21-51d7e8d99b3a
2025-12-12 23:50:31,446 - studysync - ERROR - HTTP 500: GET /api/xp/stats/888db9f5-684a-4271-9c21-51d7e8d99b3a
2025-12-12 23:50:33,684 - studysync - ERROR - HTTP 500: GET /api/xp/stats/888db9f5-684a-4271-9c21-51d7e8d99b3a
2025-12-12 23:51:00,097 - studysync - ERROR - HTTP 500: GET /api/xp/stats/888db9f5-684a-4271-9c21-51d7e8d99b3a
2025-12-12 23:51:01,465 - studysync - ERROR - HTTP 500: GET /api/xp/stats/888db9f5-684a-4271-9c21-51d7e8d99b3a
2025-12-12 23:51:03,709 - studysync - ERROR - HTTP 500: GET /api/xp/stats/888db9f5-684a-4271-9c21-51d7e8d99b3a
2025-12-12 23:51:30,634 - studysync - ERROR - HTTP 500: GET /api/xp/stats/888db9f5-684a-4271-9c21-51d7e8d99b3a
2025-12-12 23:51:31,944 - studysync - ERROR - HTTP 500: GET /api/xp/stats/888db9f5-684a-4271-9c21-51d7e8d99b3a
2025-12-12 23:51:34,211 - studysync - ERROR - HTTP 500: GET /api/xp/stats/888db9f5-684a-4271-9c21-51d7e8d99b3a
2025-12-12 23:52:01,123 - studysync - ERROR - HTTP 500: GET /api/xp/stats/888db9f5-684a-4271-9c21-51d7e8d99b3a
2025-12-12 23:52:02,506 - studysync - ERROR - HTTP 500: GET /api/xp/stats/888db9f5-684a-4271-9c21-51d7e8d99b3a
2025-12-12 23:52:04,750 - studysync - ERROR - HTTP 500: GET /api/xp/stats/888db9f5-684a-4271-9c21-51d7e8d99b3a
2025-12-12 23:52:30,478 - studysync - ERROR - HTTP 500: GET /api/xp/stats/888db9f5-684a-4271-9c21-51d7e8d99b3a
2025-12-12 23:52:32,286 - studysync - ERROR - HTTP 500: GET /api/xp/stats/888db9f5-684a-4271-9c21-51d7e8d99b3a
2025-12-12 23:52:34,604 - studysync - ERROR - HTTP 500: GET /api/xp/stats/888db9f5-684a-4271-9c21-51d7e8d99b3a
2025-12-12 23:53:00,245 - studysync - ERROR - HTTP 500: GET /api/xp/stats/888db9f5-684a-4271-9c21-51d7e8d99b3a
2025-12-12 23:53:01,860 - studysync - ERROR - HTTP 500: GET /api/xp/stats/888db9f5-684a-4271-9c21-51d7e8d99b3a
2025-12-12 23:53:04,129 - studysync - ERROR - HTTP 500: GET /api/xp/stats/888db9f5-684a-4271-9c21-51d7e8d99b3a
2025-12-12 23:53:31,051 - studysync - ERROR - HTTP 500: GET /api/xp/stats/888db9f5-684a-4271-9c21-51d7e8d99b3a
2025-12-12 23:53:32,328 - studysync - ERROR - HTTP 500: GET /api/xp/stats/888db9f5-684a-4271-9c21-51d7e8d99b3a
2025-12-12 23:53:34,626 - studysync - ERROR - HTTP 500: GET /api/xp/stats/888db9f5-684a-4271-9c21-51d7e8d99b3a
2025-12-12 23:54:00,527 - studysync - ERROR - HTTP 500: GET /api/xp/stats/888db9f5-684a-4271-9c21-51d7e8d99b3a
2025-12-12 23:54:01,954 - studysync - ERROR - HTTP 500: GET /api/xp/stats/888db9f5-684a-4271-9c21-51d7e8d99b3a
2025-12-12 23:54:04,237 - studysync - ERROR - HTTP 500: GET /api/xp/stats/888db9f5-684a-4271-9c21-51d7e8d99b3a
2025-12-12 23:54:30,807 - studysync - ERROR - HTTP 500: GET /api/xp/stats/888db9f5-684a-4271-9c21-51d7e8d99b3a
2025-12-12 23:54:32,067 - studysync - ERROR - HTTP 500: GET /api/xp/stats/888db9f5-684a-4271-9c21-51d7e8d99b3a
2025-12-12 23:54:34,334 - studysync - ERROR - HTTP 500: GET /api/xp/stats/888db9f5-684a-4271-9c21-51d7e8d99b3a
2025-12-12 23:55:01,124 - studysync - ERROR - HTTP 500: GET /api/xp/stats/888db9f5-684a-4271-9c21-51d7e8d99b3a
2025-12-12 23:55:02,360 - studysync - ERROR - HTTP 500: GET /api/xp/stats/888db9f5-684a-4271-9c21-51d7e8d99b3a
2025-12-12 23:55:04,629 - studysync - ERROR - HTTP 500: GET /api/xp/stats/888db9f5-684a-4271-9c21-51d7e8d99b3a
2025-12-12 23:55:30,770 - studysync - ERROR - HTTP 500: GET /api/xp/stats/888db9f5-684a-4271-9c21-51d7e8d99b3a
2025-12-12 23:55:32,095 - studysync - ERROR - HTTP 500: GET /api/xp/stats/888db9f5-684a-4271-9c21-51d7e8d99b3a
2025-12-12 23:55:34,346 - studysync - ERROR - HTTP 500: GET /api/xp/stats/888db9f5-684a-4271-9c21-51d7e8d99b3a
2025-12-12 23:56:01,322 - studysync - ERROR - HTTP 500: GET /api/xp/stats/888db9f5-684a-4271-9c21-51d7e8d99b3a
2025-12-12 23:56:02,609 - studysync - ERROR - HTTP 500: GET /api/xp/stats/888db9f5-684a-4271-9c21-51d7e8d99b3a
2025-12-12 23:56:04,877 - studysync - ERROR - HTTP 500: GET /api/xp/stats/888db9f5-684a-4271-9c21-51d7e8d99b3a
2025-12-12 23:56:32,521 - studysync - ERROR - HTTP 500: GET /api/xp/stats/888db9f5-684a-4271-9c21-51d7e8d99b3a
2025-12-12 23:56:33,788 - studysync - ERROR - HTTP 500: GET /api/xp/stats/888db9f5-684a-4271-9c21-51d7e8d99b3a
2025-12-12 23:56:36,091 - studysync - ERROR - HTTP 500: GET /api/xp/stats/888db9f5-684a-4271-9c21-51d7e8d99b3a
2025-12-12 23:57:01,146 - studysync - ERROR - HTTP 500: GET /api/xp/stats/888db9f5-684a-4271-9c21-51d7e8d99b3a
2025-12-12 23:57:02,832 - studysync - ERROR - HTTP 500: GET /api/xp/stats/888db9f5-684a-4271-9c21-51d7e8d99b3a
2025-12-12 23:57:05,086 - studysync - ERROR - HTTP 500: GET /api/xp/stats/888db9f5-684a-4271-9c21-51d7e8d99b3a
2025-12-12 23:57:30,648 - studysync - ERROR - HTTP 500: GET /api/xp/stats/888db9f5-684a-4271-9c21-51d7e8d99b3a
2025-12-12 23:57:31,983 - studysync - ERROR - HTTP 500: GET /api/xp/stats/888db9f5-684a-4271-9c21-51d7e8d99b3a
2025-12-12 23:57:34,250 - studysync - ERROR - HTTP 500: GET /api/xp/stats/888db9f5-684a-4271-9c21-51d7e8d99b3a
2025-12-12 23:58:01,939 - studysync - ERROR - HTTP 500: GET /api/xp/stats/888db9f5-684a-4271-9c21-51d7e8d99b3a
2025-12-12 23:58:03,222 - studysync - ERROR - HTTP 500: GET /api/xp/stats/888db9f5-684a-4271-9c21-51d7e8d99b3a
2025-12-12 23:58:05,503 - studysync - ERROR - HTTP 500: GET /api/xp/stats/888db9f5-684a-4271-9c21-51d7e8d99b3a
2025-12-21 22:23:37,831 - studysync - ERROR - HTTP 500: GET /api/xp/stats/22fe63d2-9488-44e0-829a-c616ba7432fe
2025-12-21 22:23:37,845 - studysync - ERROR - HTTP 500: GET /api/metrics/today
2026-01-20 23:56:37,297 - studysync - ERROR - HTTP 500: POST /api/session/process/35106b7d-8aae-483e-8d3d-88f47e12729e
2026-01-21 00:04:57,123 - studysync - ERROR - HTTP 500: POST /api/session/process/3f15cc43-b52b-4039-a510-184da7c5c96d
2026-01-22 01:50:39,548 - studysync - ERROR - HTTP 500: GET /api/metrics/today
2026-01-22 01:50:39,554 - studysync - ERROR - HTTP 500: GET /api/xp/stats/b036684a-48ef-476a-b4d1-8e4e94f5d908
